0 info it worked if it ends with ok
1 verbose cli [ 'D:\\Programove subory\\nodejs\\node.exe',
1 verbose cli   'D:\\Programove subory\\nodejs\\node_modules\\npm\\bin\\npm-cli.js',
1 verbose cli   'outdated' ]
2 info using npm@2.14.7
3 info using node@v4.2.2
4 verbose stack Error: Invalid version: "1.0"
4 verbose stack     at Object.module.exports.fixVersionField (D:\Programove subory\nvm\nvm\v4.2.2\node_modules\npm\node_modules\normalize-package-data\lib\fixer.js:186:13)
4 verbose stack     at D:\Programove subory\nvm\nvm\v4.2.2\node_modules\npm\node_modules\normalize-package-data\lib\normalize.js:32:38
4 verbose stack     at Array.forEach (native)
4 verbose stack     at normalize (D:\Programove subory\nvm\nvm\v4.2.2\node_modules\npm\node_modules\normalize-package-data\lib\normalize.js:31:15)
4 verbose stack     at final (D:\Programove subory\nvm\nvm\v4.2.2\node_modules\npm\node_modules\read-package-json\read-json.js:338:5)
4 verbose stack     at then (D:\Programove subory\nvm\nvm\v4.2.2\node_modules\npm\node_modules\read-package-json\read-json.js:113:5)
4 verbose stack     at D:\Programove subory\nvm\nvm\v4.2.2\node_modules\npm\node_modules\read-package-json\read-json.js:232:12
4 verbose stack     at D:\Programove subory\nvm\nvm\v4.2.2\node_modules\npm\node_modules\graceful-fs\graceful-fs.js:76:16
4 verbose stack     at FSReqWrap.readFileAfterClose [as oncomplete] (fs.js:380:3)
5 verbose cwd D:\Duško\SbNCBR\web-master
6 error Windows_NT 10.0.19045
7 error argv "D:\\Programove subory\\nodejs\\node.exe" "D:\\Programove subory\\nodejs\\node_modules\\npm\\bin\\npm-cli.js" "outdated"
8 error node v4.2.2
9 error npm  v2.14.7
10 error Invalid version: "1.0"
11 error If you need help, you may report this error at:
11 error     <https://github.com/npm/npm/issues>
12 verbose exit [ 1, true ]
